[BEGIN] 2/23/2014 5:35:17 PM40
00681	1.0
01036	1.0
01597	1.0
01607	1.0
01748	1.0
02254	1.0
02818	1.0
03109	1.0
03226	1.0
03608	1.0
{cs6360:~/BDJar} hadoop fs -cat /user/axr121530/Outpu39
00231	56.0
00606	56.0
00681	1.0
00693	25.0
00918	25.0
00926	25.0
00961	18.0
01002	23.6
01003	18.0
01020	35.0
01036	1.0
01040	37.0
01054	35.0
01060	35.166666666666664
01075	25.0
01095	18.0
01096	50.0
01125	18.0
01234	56.0
01267	25.0
01375	18.0
01379	47.5
01430	50.0
01450	50.0
01453	25.0
01464	35.0
01501	56.0
01519	35.0
01520	50.5
01531	45.0
01532	45.0
01536	42.5
01545	44.42857142857143
01562	37.0
01581	35.0
01597	1.0
01602	45.0
01603	45.0
01604	29.333333333333332
01605	45.0
01606	56.0
01607	1.0
01609	27.0
01612	45.0
01701	31.666666666666668
01702	18.0
01702-7224	50.0
01720	23.666666666666668
01742	37.0
01746	35.0
01748	1.0
01752	25.0
01760	25.0
01770	45.0
01772	45.0
01773	35.0
01775	35.0
01776	35.0
01778	50.0
01801	25.0
01850	25.0
01851	45.0
01852	56.0
01860	25.0
01864	25.0
01867	45.0
01880	45.0
01886	56.0
01890	30.0
01904-1355	45.0
01905	45.0
01915	25.333333333333332
01938	50.0
01940	35.0
01944	35.0
01950	35.0
01960	50.0
01982	45.0
02021	35.0
02026	18.0
02035	25.0
02038	29.333333333333332
02048	25.0
02062	25.0
02066	18.0
02067	45.0
02081	45.0
02090	50.0
02108	35.0
02109	18.0
02111	21.5
02113	35.0
02114	18.0
02115	31.25
02116	45.0
02118	21.5
02125	34.0
02127	35.0
02130	35.0
02131	23.666666666666668
02134	23.6
02135	30.375
02136-1522	56.0
02138	21.2
02139	26.272727272727273
02140	23.25
02141	22.666666666666668
02142	19.75
02143	24.6
02144	24.333333333333332
02146	25.0
02148	23.25
02149	25.0
02150	25.0
02151	31.5
02152	25.0
02155	35.0
02169	25.0
02171	35.0
02176	35.0
02215	19.166666666666668
02254	1.0
02322	9.5
02324	50.0
02332	13.0
02339	45.0
02346	35.0
02356	56.0
02359	25.0
02370	35.0
02420	37.5
02421	47.5
02430	25.0
02445	25.0
02446	21.4
02451	18.0
02452	20.333333333333332
02453	28.25
02454	18.0
02457	25.0
02460	31.666666666666668
02461	50.0
02464	18.0
02465	25.0
02468	56.0
02472	30.0
02474	50.0
02476	45.0
02478	25.0
02482	45.0
02494	25.0
02536	35.0
02542	25.0
02557	45.0
02571	25.0
02576	56.0
02601	18.0
02632	56.0
02651	50.0
02657	35.0
02718	50.0
02725-1010	35.0
02726	56.0
02766	35.0
02777	18.0
02780	18.0
02809	18.0
02816	35.0
02818	1.0
02828	25.0
02838	56.0
02840	25.0
02865	50.0
02871	26.5
02879	23.666666666666668
02882	18.0
02889	50.0
02891	25.0
02903	25.0
02906	9.5
02908	25.0
02912	18.0
03038	25.0
03051	25.0
03052	18.0
03054	40.0
03060	35.0
03062	42.5
03070	56.0
03106	18.0
03109	1.0
03110	25.0
03226	1.0
03255	25.0
03261	56.0
03301	41.666666666666664
03431	45.5
03440	56.0
03570	25.0
03608	1.0
03755	25.0
03756	1.0
03766	25.0
03768	45.0
03769	35.0
03801	56.0
03820	35.0
03824	35.0
03825	56.0
03840	45.0
03848	45.0
03851	50.0
03862	35.0
03867	25.0
03885	35.0
03909	45.0
04011	45.0
04015	35.0
04032	56.0
04046	40.0
04056	56.0
04074	45.0
04085	56.0
04086	37.5
04093	25.0
04096	26.5
04101	18.8
04102	50.0
04103	25.0
04106	25.0
04108	35.0
04210	37.5
04240	34.285714285714285
04255	35.0
04258	45.0
04259	53.0
04287	35.0
04309	25.0
04330	45.0
04456	25.0
04457	35.0
04473	30.0
04576	18.0
04578	45.0
04849	50.0
04901	23.666666666666668
04915	18.0
05055	34.0
05070	18.0
05273	18.0
05345	25.0
05346	25.0
05401	28.333333333333332
05448	25.0
05602	40.0
05667	1.0
06032	56.0
06033	50.0
06040	38.0
06043	50.0
06071	56.0
06074	30.0
06082	49.25
06096	25.0
06107	25.0
06108	35.0
06110	35.0
06111	25.0
06114	21.5
06118	56.0
06119	35.0
06268	18.0
06279	18.0
06320	18.0
06360	18.0
06403	35.0
06405	40.5
06416	45.0
06417	30.0
06430	34.333333333333336
06437	28.5
06451	25.0
06459	18.0
06460	28.333333333333332
06510	21.5
06511	28.0
06512	35.0
06513	45.0
06516	25.0
06520	18.0
06614	1.0
06680	35.0
06708	25.0
06804	45.0
06810	28.333333333333332
06830	35.0
06840	56.0
06851	25.0
06854	30.0
06877	25.0
06880	28.333333333333332
06905	35.0
06906	25.0
07002	25.0
07017	18.0
07026	25.0
07028	35.0
07030	22.75
07039	30.0
07040	30.0
07043	42.5
07054	25.0
07067	25.0
07070	18.0
07087	18.0
07090	25.0
07302	25.0
07307	25.0
07405	50.0
07430	25.0
07436	25.0
07452	35.0
07458	45.0
07461	18.0
07462	50.0
07470	35.0
07508	18.0
07601	35.0
07644	35.0
07649	45.0
07650	42.5
07652	1.0
07661	25.0
07663	35.0
07666	22.666666666666668
07701	35.333333333333336
07702	25.0
07704	45.0
07719	25.0
07721	25.0
07728	42.5
07730	25.0
07746	50.0
07869	1.0
07920	35.0
07940	18.0
07950	35.0
07960	13.0
07974	25.0
07981	35.0
08003	35.0
08009	35.0
08021	35.0
08028	50.0
08033	47.5
08035	23.0
08043	42.5
08053	45.0
08055	35.666666666666664
08081	45.0
08107	35.0
08108	50.0
08109	25.0
08234	35.0
08318	35.0
08330	35.0
08406	35.0
08461	25.0
08505	35.0
08534	1.0
08540	33.0
08544	25.0
08550	21.5
08742	25.0
08750	35.0
08753	45.5
08805	1.0
08810	50.0
08816	50.0
08817	25.0
08820	6.666666666666667
08822	18.0
08825	56.0
08826	37.5
08840	45.0
08852	35.0
08854	56.0
08854-3115	25.0
08872	1.0
08876	32.5
08901	50.5
08902	31.666666666666668
08904	31.833333333333332
09056	50.0
09094	45.0
09142	35.0
0956456	25.0
09824	35.0
10001	35.0
10002	23.6
10003	26.90909090909091
10004	18.0
10006	25.0
10009	29.6
10010	20.333333333333332
10011	31.0
10012	23.166666666666668
10013	30.5
10014	32.55555555555556
10016	27.615384615384617
10017	18.0
10018	18.0
10019	31.77777777777778
10020	18.0
10021	28.3
10022	35.714285714285715
10023	34.0
10024	33.0
10025	30.0
10027	22.857142857142858
10028	32.6
10033	29.333333333333332
10036	32.166666666666664
10038	26.5
10039	18.0
10040	30.0
10044	18.0
10069	35.0
10128	35.6
10309	25.0
10310	25.0
10458	25.0
10461	25.0
10461-1301	18.0
10463	28.333333333333332
10469	35.0
10471	35.0
10472	35.0
10475	25.0
10522	56.0
10538	35.0
10543	49.0
10549	22.666666666666668
10562	20.333333333333332
10573	50.0
10580	21.5
10583	35.0
10625	35.0
10705	18.0
10706	25.5
10708	18.0
10803	35.0
10804	18.0
10805	50.0
10918	35.0
10920	45.0
10954	45.5
10962	45.0
10977	18.0
10990	35.0
11010	18.0
11024	18.0
11040	18.0
11050	35.0
11102	13.0
11105	25.0
11106	25.0
111225	25.0
11201	33.0
11209	18.0
11210	35.0
11211	18.0
11214	18.0
11215	26.625
11217	32.5
11218	35.0
11220	35.0
11228	25.0
11229	35.0
11230-1710	25.0
11235	21.5
11354	25.0
11355	35.0
11358	35.0
11361	56.0
11364	18.0
11372	45.0
11375	26.5
11413	25.0
11414-2520	25.0
11423	25.0
11434	18.0
11435	18.0
11501	25.0
11510-2001	50.0
11554	35.0
11576	35.0
11580	18.0
11598	25.0
11701	35.0
11710-1641	18.0
11717	25.0
11725	35.0
11743	1.0
11746	50.0
11747	35.0
11753	25.0
11767	35.0
11771	50.0
11779	56.0
11784	35.0
11788	25.0
11793	25.0
11795	56.0
11801	25.0
11803	1.0
11947	50.0
11963	50.0
12047	18.0
12054	18.0
12065	45.0
12110	35.0
12124	56.0
12133	18.0
12144	56.0
12159	18.0
12180	18.0
12184	50.0
12188	18.0
12189	25.0
12203	25.0
12206	25.0
12222	18.0
12230	25.0
12306	25.0
12308	25.0
12309	18.0
12345	31.8
12436	56.0
12449	45.0
12533	25.0
12538	45.0
12553	25.0
12561	45.0
12570	56.0
12582	18.0
12590	25.0
12604	18.0
12701	1.0
12740	50.0
12801	25.0
12831	35.0
12833	25.0
12833-2000	45.0
12866	37.0
12970	50.0
13021	35.0
13027	42.5
13031	40.5
13035	47.5
13039	50.0
13041	50.0
13045	34.333333333333336
13057	56.0
13064	35.0
13066	23.666666666666668
13077	56.0
13078	56.0
13088	43.333333333333336
13090	14.666666666666666
13114	45.0
13123	56.0
13126	50.0
13131	45.0
13146	35.0
13148	18.0
13152	45.0
13165	18.0
13203	47.5
13207	47.0
13210	35.9
13211	45.0
13212	56.0
13214	45.0
13215	50.0
13224	50.0
13316	35.0
13317	18.0
13323	18.0
13326	25.0
13407	56.0
13502	56.0
13603	18.0
13655	18.0
13676	35.0
13685	56.0
13760	56.0
13903	50.0
13907	1.0
14068	56.0
14086	35.0
14136	25.0
14167	1.0
14215	56.0
14221	35.0
14228	35.0
14260	35.0
14302	30.0
14424	45.0
14433	18.0
14450	25.0
14456	18.0
14468	45.0
14519	45.0
14568	50.0
14607	27.5
14608	25.0
14612	56.0
14613	25.0
14616	18.0
14618	40.0
14619	35.0
14620	20.333333333333332
14623	25.0
14650	50.0
14701	45.0
14706	56.0
14760	45.0
14803	25.0
14830	40.5
14843	56.0
14850	28.77777777777778
14853	18.0
14895	25.0
14905	35.0
14982	25.0
15089	35.0
15116	26.5
15137	35.0
15146	25.0
15202	30.0
15203	30.0
15204	45.0
15205	25.0
15208	23.0
15209	25.0
15213	19.75
15217	22.666666666666668
15232	45.0
15237	21.5
15241	25.0
15321	18.0
15330	35.0
15333	50.0
15701	40.5
15701-1348	18.0
15701-2017	25.0
15748	1.0
15801	40.0
15956	18.0
16101	21.5
16365	35.0
16508	25.0
16673	45.0
16801	40.0
16802	21.5
16803	31.0
16844	35.0
17003	25.0
17013	35.0
17022	25.0
17033	56.0
17036	1.0
17055	30.0
17067	25.0
17112	35.0
17350	30.0
17402	50.0
17517	18.0
17522	25.0
17601	35.0
17740	35.0
17821	25.0
17844	18.0
17857	25.0
17870	35.0
17972	25.0
18011	18.0
18036	45.0
18042	31.5
18049	45.0
18052	18.0
18104	21.5
18249	35.0
18360	35.0
18615	25.0
18655	25.0
18901	45.0
18954	56.0
18977	50.0
19001	25.0
19003	30.0
19004	37.75
19006	35.0
19008	45.0
19010	21.5
19026	56.0
19027	45.5
19030	18.0
19033	45.0
19047	50.0
19050	35.0
19063	25.0
19067	31.666666666666668
19072	34.0
19081	18.0
19083	25.0
19087-3622	50.0
191004	18.0
19102	21.5
19103	25.0
19104	28.2
19106	25.0
19107	30.0
19108	35.0
19114	18.0
19116	9.5
19118	50.0
19119	38.666666666666664
19123	35.0
19126	25.0
19130	35.0
19131	56.0
19134	21.5
19143	26.0
19146	18.0
19147	20.333333333333332
19149	35.0
19152	25.0
19312	40.5
193122042	50.0
19320	25.0
19335	25.0
19342	25.0
19343	1.0
19348	35.0
19355	25.0
19360	35.0
19380	37.5
19382	45.0
19390	1.0
19403	18.0
19406	35.0
19425	50.0
19428	25.0
19444	25.0
19462	50.0
19464	18.0
19473	35.0
19481	50.0
19518	35.0
19610	35.0
19711	25.0
19713	25.0
19716	50.0
19801	25.0
19802	45.0
19803	26.5
19806	31.666666666666668
19808	35.0
19810	25.0
19901	35.0
20003	18.0
20003-2712	56.0
20004	50.0
20006	21.5
20007	37.5
20008	23.25
20009	31.857142857142858
20015	37.5
20016	37.5
20036	32.5
20037	26.2
20057	18.0
20110	35.0
20110-5616	25.0
20120	25.0
20120-6354	25.0
20121	25.0
20122	35.0
20132	1.0
20151	35.0
20164	25.0
20170	25.0
20171	35.0
20175	50.0
20191	35.0
20194	40.5
2020010	35.0
20650	35.0
20653	35.0
20670	35.0
20706	50.0
20707	25.0
20715	35.0
20716	35.0
20723	35.0
20724	18.0
20742	18.0
20744-6223	25.0
20755	35.0
20783	56.0
20795	35.0
20814	56.0
20815	43.5
20818	35.0
20850	25.0
20851	45.0
20852	25.5
20866	25.0
20871	35.0
20874	35.0
20876	1.0
20878	22.666666666666668
20879	40.0
20880	45.0
20886	25.0
20895	35.0
20901	35.0
20902	50.0
20910	35.0
20912	25.0
21013	35.0
21014	25.0
21015	18.0
21029	25.0
21030	17.0
21042	18.0
21044	40.0
21045	25.0
21046	21.5
21050	50.0
21093	18.0
21113	25.0
21114	56.0
21117	30.0
21133	50.0
21202	18.0
21203	25.0
21212	45.0
21214	25.0
21221	35.0
21222	18.0
21234	25.0
21401	25.0
21532	25.0
21555	25.0
21559	45.0
21740	18.0
21742	45.0
21773	56.0
22015	25.0
22030	28.285714285714285
22031	18.0
22032	21.5
22039	42.5
22041	25.0
22042	25.0
22043	28.25
22046	25.0
22101	25.0
22102	18.0
22112	25.0
22122	45.0
22124	35.0
22180	35.0
22181	43.333333333333336
22201	24.0
22203	18.0
22204	45.0
22205	25.0
22206	31.5
22207	31.25
22209	25.0
22302	25.0
22304	21.5
22305	18.0
22306	25.0
22307	25.0
22309	35.0
22310	18.0
22314	35.0
22315	35.0
22401	18.0
22407	25.0
22601	25.0
22630	45.0
22652	45.0
22657	56.0
22801	13.0
22807	18.0
22810	35.0
22901	31.666666666666668
22902	25.0
22903	24.38888888888889
22904	26.5
22906	18.0
22923	25.0
22932	1.0
22936	25.0
22947	35.0
23059	50.0
23062	35.0
23112	21.5
23116	45.0
23185	26.0
23186	18.0
23188	25.0
23220	25.0
23221	25.0
23225	40.5
23229	25.0
23233	39.333333333333336
23235	25.0
23423	25.0
23434	25.0
23451	30.0
23452	45.0
23454	30.0
23455-4959	18.0
23456	50.0
23462	31.666666666666668
23464-3016	56.0
23507	35.0
23508	35.0
23513	56.0
23518	50.0
23602	35.0
23603	25.0
23608	56.0
24015	25.0
24017	25.0
24018	50.0
24060	29.0
24179	1.0
24210	25.0
24450	30.0
24502	25.0
24523	45.0
24541	31.5
24551	25.0
25301	18.0
25302	50.0
25801	1.0
26101	45.0
26104	25.0
26105	45.0
26201	18.0
26241	18.0
26301	18.0
26501	50.0
26505	29.0
26508	25.0
26542	25.0
27028	18.0
27106	25.0
27203	25.0
27245	1.0
27278	25.0
27312	45.0
27403	25.0
27408	25.0
27410	40.5
27502	45.0
27510	25.0
27511	31.666666666666668
27513	25.0
27514	26.0
27514-3540	56.0
27515	25.0
27516	36.666666666666664
27519	25.0
27587	35.0
27603	30.0
27605	25.0
27606	21.5
27607	26.5
27609	25.0
27613	30.0
27614	35.0
27615	35.0
27616	45.0
27705	37.25
27707	25.0
27708	18.0
27713	25.0
27713-9225	25.0
27909	35.0
28001	25.0
28027	25.0
28036	35.0
28043	50.0
28052	25.0
28083	25.0
28120	25.0
28134	25.0
28147	25.0
28208	35.0
28209	35.0
28223	56.0
28226	25.0
28227	25.0
28262	28.333333333333332
28270	9.5
28304	25.0
28401	25.0
28403	18.0
28412	25.0
28542	25.0
28601	30.0
28607	25.0
28655	45.0
28704	56.0
28715	25.0
28754	56.0
28804	25.0
28805	35.0
29063	26.5
29070	35.0
29118	18.0
29146	1.0
29201	18.0
29205	25.0
29208	25.0
29307	18.0
29369	25.0
29401	25.0
29404-2205	18.0
29425	35.0
29440	35.0
29449	56.0
29464	50.0
29609	25.0
29615	25.0
29630	50.0
29631	35.0
29642	50.0
29649	18.0
29662	25.0
29672	40.5
29678	50.0
29681	35.0
29706	35.0
29708	18.0
29732	25.0
29928	56.0
30004	35.0
30005	45.0
30010	18.0
30024	35.0
30030	45.166666666666664
30033	18.0
30034	35.0
30041	25.0
30047	56.0
30052	25.0
30064	18.0
30066	50.0
30068	25.0
30071	35.0
30075	45.0
30076	45.0
30082	25.0
30096	30.0
30097	56.0
30101	21.5
30102	35.0
30115	21.5
30117	25.0
30127	56.0
30134	18.0
30145	35.0
30189	35.0
30253	45.0
30260	45.0
30269	25.0
30303	28.333333333333332
30305	18.0
30306	42.5
30307	37.5
30308	25.0
30309	35.0
30316	25.0
30318	18.0
30324	35.0
30328	18.0
30332	18.0
30337	25.0
30338	35.0
30340	25.0
30342	25.0
30345	45.5
30349	25.0
30350	26.5
30501	35.0
30533	35.0
30602	50.0
30605	21.5
30606	22.666666666666668
30620	25.0
30662	18.0
30673	56.0
30701	35.0
30707	1.0
30741	35.0
30906	35.0
31047	35.0
31201	18.0
31207	18.0
31211	18.0
31311	25.0
31401	21.5
31602	18.0
31605	25.0
31804	45.0
31901	45.0
32024	45.0
32043	37.666666666666664
32068	35.0
32082	35.0
32095	35.0
32112	25.0
32114	50.0
32117	50.0
32118	25.0
32137	56.0
32212	25.0
32219	18.0
32224	25.0
32225	25.0
32250	25.0
32256	35.0
32301	25.0
32303	25.0
32308	25.0
32312	35.0
32404	35.0
32444	30.0
32501	35.0
32506	35.0
32580	25.0
32601	18.0
32603	25.0
32606	18.0
32607	21.5
32608	21.5
32618	25.0
32653	25.0
32694	18.0
32708	35.0
32712	25.0
32720	18.0
32726	50.0
32750	31.5
32792	35.0
32793	25.0
32806	56.0
32812	25.0
32822	56.0
32825	18.0
32835	25.0
32836	25.0
32837	50.5
32839	25.0
32920	50.0
32935	35.0
32940	56.0
32951	50.0
32953	45.0
33015	50.0
33020	35.0
33023	18.0
33024	18.0
33025	25.0
33028	25.0
33030	56.0
33067-1400	25.0
33073	25.0
33076	25.0
33133	31.666666666666668
33134	50.0
33135	45.0
33142	25.0
33143	18.0
33149	50.0
33156	25.0
33157	25.0
33167	35.0
33168	18.0
33174	35.0
33177	25.0
33186	18.0
33301	35.0
33304	35.0
33308	25.0
33309	25.0
33313	50.0
33314	25.75
33316	56.0
33317	35.0
33324	35.0
33334	40.0
33401	50.0
33407	35.0
33433	35.0
33436	50.0
33445	45.5
33460	45.0
33486	25.0
33547	35.0
33607	35.0
33611	50.0
33615	42.5
33619	35.0
33626	25.0
33701	35.0
33702	25.0
33705	45.0
33710	50.0
33720	18.0
33759	45.0
33764	50.0
33785	56.0
33813	25.0
33823	25.0
33881	50.0
33884	35.0
33901	50.0
33916	25.0
33953	18.0
33990	25.0
34116	45.0
34170	25.0
34235	56.0
34243	34.0
34285	50.0
345567	18.0
34567	18.0
34610	45.0
34639	25.0
34677	25.0
34683	50.0
34691	50.0
34695	25.0
34744	34.0
34761	50.0
34786	35.0
34952	25.0
34990	35.0
35115	18.0
35205	25.0
35216	45.0
35229	35.0
35243	25.0
35244	25.0
35401	25.0
35808	25.0
35810	1.0
36067	50.0
36092	25.0
36102	25.0
361069	25.0
36109	38.75
36115	20.333333333333332
36264	25.0
36301	25.0
36830	35.0
37013	25.0
37027	35.0
37032	18.0
37042	25.0
37043	35.0
37076	25.0
37127	25.0
37130	14.666666666666666
37153	25.0
37203	25.0
37205	25.0
37206	25.0
37209	45.0
37211	26.0
37212	25.0
37221	30.0
37343	45.0
37363	56.0
37601	25.0
37620	35.0
37664	35.0
37743	18.0
37766	45.0
37772	50.0
37774	56.0
37815	35.0
37830	42.25
37843	35.0
37853	40.0
37877	45.0
37909	45.0
37914	45.0
37917	45.5
37919	30.0
37919-4204	45.0
37920	35.0
37922	46.53846153846154
37923	43.666666666666664
37923-3112	25.0
37924	45.0
37930	25.0
37931	39.0
37932	42.5
37938	53.0
38018	35.0
38024	35.0
38028	45.0
38104	25.0
38111	21.5
38120	18.0
38122	50.0
38134	25.0
38135	42.5
38261	25.0
38340	56.0
38555	35.0
38558	56.0
38654	25.0
39180	35.0
39211	56.0
39401	50.0
39532	56.0
39567	50.0
39648	50.0
39652	35.0
39759	25.0
400060	25.0
40031	45.0
40204	45.0
40205	21.5
40207	37.0
40214	25.0
40241	25.0
40242	35.0
40475	18.0
40504	30.0
40505	56.0
40511	56.0
40515	35.0
40601	47.0
41011	1.0
41018	18.0
41030	25.0
41042	25.0
41075	25.0
41076	34.0
41144	35.0
41706	25.0
41722	45.0
42025	35.0
42101	18.0
42141	18.0
42406	45.0
42420	39.666666666666664
42445	25.0
42503	56.0
42518	25.0
42718	35.0
42754	1.0
43023	18.0
43026	25.0
43056	56.0
43065	40.0
43081	36.666666666666664
43138	25.0
43147	45.0
43201	27.0
43202	28.25
43209	35.0
43210	31.5
43212	25.0
43213	25.0
43214	28.25
43215	21.5
43221	25.0
43223	25.0
43228	25.0
43229	31.666666666666668
43230	35.0
43231	50.0
43235	18.0
43315	25.0
43357	1.0
43402	23.571428571428573
43403	18.0
43420	25.0
43528	45.5
43551	22.666666666666668
43560	18.0
43611	18.0
43612	18.0
43613	18.0
43614	21.5
43615	29.333333333333332
43617	37.5
43623	21.5
43650	18.0
43725	18.0
44039	18.0
44056	18.0
44060	25.0
44074	37.0
44077	35.0
44089	18.0
44092	25.0
44095	25.0
44106	32.666666666666664
44107	38.666666666666664
44115	25.0
44118	25.0
44122	45.0
44125	35.0
44126	50.0
44129	45.0
44130	26.5
44131	45.0
44139	50.0
44143	56.0
44221	18.0
44224	1.0
44240	37.5
44242	35.0
44243	18.0
44256	45.5
44260	1.0
44266	31.5
44280	35.0
44281	56.0
44286	50.0
44301	35.0
44303	35.0
44304	25.0
44306	35.0
44310	25.0
44312	31.5
44313	36.25
44319	50.0
44325	45.0
44333	50.0
44406	30.75
44425	18.0
444555	1.0
44485	35.0
44502	18.0
44509	18.0
44512	25.0
44514	25.0
44515	20.333333333333332
44555	45.0
44614	50.0
44622	50.0
44646	18.0
44685	18.0
44691	30.0
44706	25.0
44708	35.0
44906	1.0
45011	28.333333333333332
45014	30.0
45056	25.0
45123	18.0
45140	25.0
45202	18.0
45205	35.0
45208	45.0
45212	18.0
45215	26.5
45219	18.0
45220	18.0
45224	56.0
45230	25.0
45231	18.0
45233	25.0
45236	35.0
45237	25.0
45238	35.0
45241	17.0
45242	30.0
45243	35.0
45244	9.5
45245	25.0
45248	45.0
45249	35.0
45251	18.0
45255	40.0
45322-3132	56.0
45380	35.0
45383	25.0
45385	50.0
45387	18.0
45403	18.0
45409	25.0
45420	50.0
45432	56.0
45458	20.333333333333332
45459	30.0
45504	56.0
45678	25.0
45694	25.0
45701	21.5
45750	24.0
45801	25.0
45810	25.0
45840	50.0
45904	18.0
46033	23.666666666666668
46038	45.0
46060	45.0
46077	42.5
46112	45.0
46140	56.0
46142	30.0
46143	56.0
46214	35.0
46219	18.0
46220	25.0
46222	18.0
46227	25.0
46229	35.0
46234	35.0
46239	25.0
46240	25.0
46250	18.0
46254	25.0
46268	25.0
46304	18.0
46311	1.0
46321	1.0
46324	1.0
46350	50.0
46517	18.0
46530	25.0
46556	18.0
46580	25.0
46614	35.0
46725	25.0
46737	45.0
46755	35.0
46774	40.0
46802	37.5
46804	48.666666666666664
46805	25.0
46807	25.0
46814	56.0
46815	40.0
46825	35.0
46835	25.0
46845	35.0
46911	56.0
46940	25.0
46970	50.0
46979	1.0
47129	40.0
47274	25.0
47303	25.0
47306	18.0
47401	25.0
47403	1.0
47406	18.0
47421	25.0
47714	25.0
47901	19.75
47933	32.666666666666664
48005	18.0
48009	40.5
48021	25.0
48034	35.0
48038	1.0
48042	25.0
48044	35.0
48065	25.0
48067	21.5
48070	45.666666666666664
48072	25.0
48073	19.428571428571427
48083	35.0
48092	25.0
48094	50.0
48097	45.0
48098	35.0
48103	33.69230769230769
48103-4711	50.0
48103-8929	35.0
48104	27.68421052631579
48105	31.818181818181817
48107	35.0
48108	28.4
48109	24.0
48114	56.0
48116	38.333333333333336
48118	50.0
48126	18.0
48127	25.0
48130	48.666666666666664
48133	1.0
48135	18.0
48146	35.0
48152	50.0
48154	1.0
48162	25.0
48169	18.0
48170	45.0
48178	56.0
48185	18.0
48186	56.0
48187	35.0
48188	25.0
48197	30.11111111111111
48198	45.0
48202	18.0
48217	35.0
48219	30.0
48220	25.0
48230	50.0
48237	31.666666666666668
48239	25.0
48302	18.0
48304	28.5
48306	30.0
48309	31.666666666666668
48310	45.0
48313	35.0
48314	18.0
48315	50.0
48316	25.0
48316-5601	25.0
48322	31.5
48323	18.0
48324	25.0
48326	25.0
48328	35.0
48336	30.0
48341	45.0
48342	35.0
48360	25.0
48363	18.0
48371	50.0
48380	25.0
48433	18.0
48439	26.5
48445	1.0
48464	25.0
48473	25.0
48504	18.0
48604	18.0
48640	35.0
48655	1.0
48706	50.0
48823	27.75
48825	25.0
48827	35.0
48843	50.0
48858	18.0
48867	27.25
48906	35.0
48911	25.0
48912	35.0
49006	56.0
49008	50.0
49015	35.0
49017	25.0
49024	25.0
49034	35.0
49042	56.0
49221	25.0
49265	45.0
49277	50.0
49307	45.5
49321	21.5
49327	56.0
49345	45.0
49355	25.0
49408	45.0
49417	35.0
49419	45.0
49423	43.6
49424	32.5
49442	25.0
49445	21.5
49454	1.0
49456	37.5
49464	35.0
49503	25.0
49503-1313	18.0
49504	35.0
49505	18.0
49506	35.5
49507	1.0
49508	35.0
49512	1.0
49525	18.0
495321	9.5
49544	1.0
49546	18.0
49686	25.0
49707	25.0
49770	35.0
49841	18.0
49855	18.0
49887	35.0
50010	50.0
50011	45.0
50014	35.0
50021	30.0
50111	28.333333333333332
50201	18.0
50246	1.0
50265	29.0
50265-2850	50.0
50266	25.0
50309	25.0
50310	31.0
50311	25.0
50312	45.0
50317	35.0
50321	35.0
50322	35.0
50325	35.0
50401	18.0
50588	45.0
50613	25.0
50677	35.0
51104	18.0
51537	1.0
52001	35.0
52002	50.0
52003	42.0
52057	35.0
52162	35.0
52240	56.0
52241	18.0
52301	18.0
52402	36.666666666666664
52405	26.5
52556	35.0
52570-9634	35.0
52761	45.0
52803	35.0
53045	35.0
53048	25.0
53051	18.0
53061	56.0
53092	42.5
53095	35.0
53130	35.0
53132	45.0
53140	18.0
53142	18.0
53150	35.0
53154	25.0
53188	21.5
53190	18.0
53202	28.333333333333332
53207	18.0
53211	19.75
53213	22.666666666666668
53216	45.0
53217	25.0
53220	18.0
53221	50.0
53222	50.0
53233	18.0
53403	35.0
53404	35.0
53404-1230	56.0
53406	25.0
53523	25.0
53538	18.0
53545	23.0
53562	50.0
53572	35.0
53589	25.0
53703	26.0
53704	24.0
53705	36.0
53706	21.444444444444443
53707	25.0
53711	20.714285714285715
53713	28.25
53714	25.0
53715	19.166666666666668
53716	45.0
53717	25.0
53718	45.0
53719	25.0
53806	35.0
53818	32.666666666666664
53951	25.0
54016	36.25
54022	45.0
54220	18.0
54302	18.0
54401	42.0
54409	50.0
54467	1.0
54481	26.5
54601	30.0
54650	35.0
54701	1.0
54703	21.5
54720	56.0
54729	30.0
54751	35.0
54758	18.0
54822	35.0
54880	25.0
54901	18.0
54902	21.5
54915	25.0
54942	25.0
54971	35.0
55001	45.0
55011	45.0
55013	18.0
55014	35.0
55016	37.666666666666664
55021	35.0
55030	35.0
55033	56.0
55038	35.0
55042	41.5
55057	21.5
55066	45.0
55068	1.0
55071	25.0
55075	36.666666666666664
55076	36.0
55082	30.25
55092	25.0
55100	25.0
55101	56.0
55102	26.5
55103	25.0
55103-1006	25.0
55104	27.705882352941178
55105	32.0625
55106	27.0
55107	26.0
55108	35.166666666666664
55109	34.0
55110	36.25
55111	35.0
55112	26.4
55113	32.90909090909091
55115	47.5
55116	32.7
55117	39.55555555555556
55118	27.0
55119	25.0
55120	18.0
55121	30.0
55122	31.6
55123	31.5
55124	31.666666666666668
55125	31.0
55126	38.57142857142857
55127	35.0
55128	32.0
55129	22.25
55303	29.6
55304	18.0
55305	20.75
55306	32.666666666666664
55311	13.0
55313	45.0
55317	17.0
55330	35.0
55337	37.0
55337-4056	56.0
55343	30.0
55344	27.833333333333332
55345	27.333333333333332
55346	28.333333333333332
55347	37.5
55369	25.0
55372	25.0
55379	35.0
55391	31.833333333333332
55401	34.333333333333336
55402	35.0
55403	15.5
55404	18.0
55405	27.818181818181817
55405-2546	50.0
55406	35.833333333333336
55407	38.0
55408	23.6
55409	29.0
55410	29.0
55411	25.0
55412	25.0
55413	36.666666666666664
55414	24.625
55415	35.0
55416	32.666666666666664
55417	28.333333333333332
55418	29.0
55419	39.5
55421	30.333333333333332
55422	18.0
55423	26.5
55426	22.666666666666668
55427	14.666666666666666
55428	21.5
55429	25.0
55430	45.5
55432	35.0
55433	25.0
55434	35.0
55435	25.0
55436	35.0
55438	32.5
55439	25.0
55441	36.666666666666664
55442	35.0
55443	25.0
55446	35.0
55447	33.333333333333336
55448	35.0
55449	27.0
55454	30.0
55455	21.5
55459	35.0
55555	35.0
55616	1.0
55744	25.0
55803	35.0
55804	56.0
55812	25.0
55901	45.5
55902	25.0
55912	18.0
55934	35.0
55976	45.0
55987	25.0
56001	31.5
56002	18.0
56007	35.0
56043	18.0
56082	30.0
56137	18.0
56187	25.0
56258	1.0
56301	25.0
56303	35.0
56342	50.0
56401	18.0
56520	18.0
56716	56.0
56723	50.0
57006	25.0
57103	18.0
57106	20.333333333333332
57108	45.0
57382	18.0
57706	25.0
57747	50.0
58078	1.0
58102	18.0
58270	25.0
58369	35.0
5849574	18.0
58503	35.0
58504	56.0
58601	18.0
58703	35.0
59072	50.0
59079	25.0
59405	25.0
59457	50.0
59602	25.0
59715	26.0
59801	18.0
59840	45.0
60004	25.0
60007	1.0
60010	22.666666666666668
60012	18.0
60014	18.0
60015	25.0
60016	42.5
60025	28.333333333333332
60031	45.0
60035	45.0
60042	25.0
60044	56.0
60045	35.0
60046	25.0
60047	18.0
60048	25.0
60050	45.0
60056	37.5
60060	37.5
60061	31.666666666666668
60062	34.0
60068	25.0
60073	18.0
60074	25.0
60076	33.0
60081	45.0
60089	37.5
60090	25.0
60091	45.0
60098	25.0
60102	35.0
60103	35.0
60107	18.0
60115	26.5
60123	21.5
60126	40.0
60137	26.0
60139	45.0
60148	21.666666666666668
60153	25.0
60156	25.0
60160	25.0
60173	25.0
60181	50.0
60185	45.0
60187	35.0
60188	35.0
60193	18.0
60194	18.0
60201	25.6
60202	18.0
60302	43.75
60417	45.0
60422	25.0
60423	1.0
60435	18.0
60440	35.0
60441	30.0
60443	25.0
60451	18.0
60462	23.0
60466	25.0
60477	35.0
60482	45.0
60504	50.0
60506	56.0
60510	42.5
60513	25.0
60515	25.0
60516	50.0
60523	18.0
60538	35.0
60540	25.0
60543	45.0
60551	25.0
60555	25.0
60559	25.0
60563	35.0
60565	1.0
60603	25.0
60605	50.5
60606	25.0
60607	25.0
60610	38.0
60611	25.666666666666668
60612	25.0
60613	22.8
60614	23.25
60615	25.0
60618	32.875
60622	29.0
60625	26.5
60626	32.166666666666664
60628	25.0
60630	18.0
60637	18.0
60640	27.23076923076923
60641	18.0
60645	25.0
60647	31.666666666666668
60656	25.0
60657	29.5
60659	25.0
60660	25.166666666666668
60664	25.0
60714	50.0
60914	26.5
61021	25.0
61081	45.0
61265	25.0
61270	35.0
61350	25.0
61364	25.0
61554	45.0
61600	35.0
61614	30.0
61615	25.0
61665	1.0
61704	56.0
61761	18.0
61801	19.4
61820	18.0
61821	40.0
61832	25.0
61910	35.0
62002	50.0
62025	18.0
62025-8000	50.0
62034	35.0
62035	35.0
62052	50.0
62221	50.0
62225	18.0
62234	42.5
62263-3004	35.0
62330-1408	25.0
62522	21.5
62558	25.0
62629	25.0
62702	25.0
62704	35.0
62707	56.0
62901	37.5
62958	35.0
63011	18.0
63026	56.0
63033	50.0
63041	1.0
63043	25.0
63105	35.0
63108	18.0
63109	18.0
63110	25.0
63116	18.0
63117	35.0
63119	35.0
63121	50.0
63122	56.0
63123-1507	1.0
63125	35.0
63126	35.0
63128	45.0
63129	45.0
63130	40.0
63131	50.0
63132	18.0
63135	45.0
63138	18.0
63141	18.0
63144	18.0
63146	21.5
63303	25.0
63304	35.0
63332	18.0
63366	30.0
63376	1.0
63544	18.0
64030	18.0
64043	18.0
64050	18.0
64055	26.0
64060	18.0
64068	25.0
64081-8102	45.0
64093	9.5
64106	25.0
64112	25.0
64114	25.0
64116	25.0
64117	45.0
64138	45.0
64151	18.0
64153	35.0
64154	18.0
64468	18.0
64801	35.0
64920	18.0
65023	25.0
65201	45.0
65202	18.0
65203	34.0
65211	18.0
65265	18.0
65270	35.0
65401	50.0
65441	45.0
65550	25.0
65712	50.0
65775	25.0
65804	25.0
66013	35.0
66044	20.8
66046	35.0
66048	45.0
66049	25.0
66203	45.0
66204	35.0
66205	30.0
66208	35.0
66209	35.0
66210	35.0
66212	25.0
66224	35.0
66502	56.0
66605	25.0
66614	25.0
66762	37.5
67042	18.0
67204	25.0
67206	18.0
67208	35.0
67212	18.0
67217	18.0
67218	18.0
67301	45.0
67443	25.0
67846	25.0
68046	50.0
68108	28.333333333333332
68122	35.0
68128	25.0
68131	25.0
68144	45.0
68144-2410	18.0
68154	18.0
68164	25.0
68502	33.333333333333336
68503	25.0
68506	35.0
68508	25.0
68516	22.666666666666668
69301	25.0
70002	18.0
70003	25.0
70005	25.0
70006	18.0
70043	18.0
70072	56.0
70115	25.0
70116	35.0
70118	26.0
70119	25.0
70123	35.0
70448	1.0
70458	25.0
70460	45.0
70503	56.0
70507	45.0
70508	25.0
70748	35.0
70802	45.0
70803	25.0
70806	25.0
70808	37.5
70809-2612	25.0
70817	37.0
71106	1.0
71111	35.0
71118	25.0
71301	56.0
71711	45.0
71731	25.0
72032	35.0
72058	35.0
72118	42.5
72202	18.0
72211	25.0
72212	31.5
72227	18.0
72227-5733	56.0
72316	45.0
72601	25.333333333333332
72701	22.666666666666668
72703	26.0
72761	18.0
72762	25.0
72764	56.0
72801	25.0
72837	18.0
72949	56.0
73003	25.0
73008	18.0
73013	1.0
73069	45.0
73069-5429	50.0
73070	18.0
73071	18.0
73112	18.0
73118	25.0
73120	35.0
73147	25.0
73160	25.0
73505	9.5
73543	50.0
73702	45.0
74011	35.0
74012	35.0
74055	25.0
74074	25.0
74075	25.0
74105	36.2
74114	13.0
74128	56.0
74135	35.0
74136	25.0
74137	50.0
74354	45.0
74401	35.0
74403	18.0
74467	25.0
74601	35.0
75001	56.0
75005	35.0
75006	30.0
75007	25.0
75010	35.0
75013	35.0
75023	42.5
75034	35.0
75040	1.0
75041	56.0
75044	25.0
75063	35.0
75067	45.0
75069	35.0
75070	9.0
75074	45.0
75075	25.0
75080	29.333333333333332
75082	1.0
75087	50.0
75089	25.0
75093	25.75
75115	18.0
75146	25.0
75149	21.5
75150	25.0
75165	56.0
75205	25.0
75206	25.0
75207	25.0
75214	38.333333333333336
75225	45.5
75226	25.0
75229	35.0
75230	25.0
75240	28.333333333333332
75244	1.0
75287	26.0
75601	35.0
75602	9.5
75605	47.5
75633	1.0
75650	50.0
75703	56.0
75801	22.666666666666668
76006	45.0
76013	9.5
76021	30.0
76028	25.0
76031	35.0
76034	50.0
76051	40.5
76054	50.0
76067	50.0
76109	35.0
76116	18.0
76120	25.0
76135	18.0
76201	21.5
76205	35.0
76240	1.0
76248	35.0
76266	18.0
76309	25.0
76401	18.0
76501	1.0
76543	18.0
76548	35.0
76707	18.0
76904	25.0
77005	24.88888888888889
77006	29.0
77007	30.0
77008	35.0
77009	45.0
77018	56.0
77019	25.0
77024	35.0
77025	25.0
77027	35.0
77030	25.0
77034	25.0
77040	40.0
77042	25.0
77047	18.0
77054	25.0
77056	25.0
77057	25.0
77058	25.0
77059	25.0
77064	30.0
77075	25.0
77079	47.0
77083	35.0
77084	18.0
77096	45.5
77098	50.0
77099	25.0
77252	25.0
77301	35.0
77304	18.0
77341	18.0
77345	25.0
77351	45.0
77379	56.0
77429	35.0
77449	25.0
77450	25.0
77459	50.0
77477	1.0
77479	1.0
77515	1.0
77521	30.0
77536	35.0
77550	35.0
77565	35.0
77565-2332	35.0
77566	35.0
77581	18.0
77584	30.0
77630	45.0
77662	45.0
77706	47.5
77707	25.0
77802	18.0
77803	25.0
77840	18.0
77845	21.5
78006	35.0
78028	25.0
78065	50.0
78130	1.0
78133	18.0
78155	35.0
78204	45.0
78209	18.0
78212	40.0
78222	35.0
78223	25.0
78230	26.0
78231	45.0
78232	39.0
78237	18.0
78240	25.0
78250	26.5
78251	25.0
78252	35.0
78253	35.0
78267	25.0
78411	37.5
78611	35.0
78613	18.0
78626	18.0
78628	18.0
78640	35.0
78660	25.0
78664	30.0
78666	27.75
78681	47.0
78701	56.0
78703	36.25
78704	38.25
78705	22.75
78705-5221	18.0
78722	29.333333333333332
78728	25.0
78730	25.0
78731	37.75
78734	25.0
78735	25.0
78737	56.0
78744	35.0
78746	30.0
78748	25.0
78749	26.0
78750	38.25
78757	30.0
78758	31.5
78759	26.5
78765	35.0
78766	35.0
78945	1.0
79068	56.0
79101	35.0
79358	1.0
79401	25.0
79410	50.0
79411	25.0
79416	25.0
79605	18.0
79606	35.0
79705	40.5
79912	26.0
79925	25.0
79928	25.0
79930	56.0
80003	25.0
80004-4448	50.0
80010	45.0
80012	35.0
80013	28.333333333333332
80014	1.0
80020	25.0
80023	18.0
80026	30.0
80027	30.0
80110	25.0
80112	25.0
80122	35.0
80123	25.0
80126	25.0
80129	35.0
80202	25.0
80203	18.0
80205	18.0
80206	42.5
80207	50.0
80209	25.0
80210	45.5
80218	18.0
80220	50.0
80221	35.0
80222	35.0
80227	25.0
80228	26.5
80230	25.0
80231	25.0
80232	25.0
80236	25.0
80260	18.0
80301	25.0
80302	26.0
80303	42.0
80304	40.0
80401	23.666666666666668
80439	1.0
80442	50.0
80461	25.0
80503	18.0
80513	18.0
80521	19.75
80525	40.0
80526	24.0
80537	35.0
80538	35.25
80540	1.0
80631	18.0
80634	45.0
80687	35.0
80903	25.0
80906	25.0
80907	45.0
80910	35.0
80916	25.0
80917	35.0
81004	45.0
81005	35.0
81007	25.0
81101	25.0
81291	18.0
81301	9.5
81321	35.0
81335	45.0
81520	18.0
81679	25.0
82070	18.0
82072	18.0
82601	30.0
82604	35.0
83001	30.0
83301	35.0
83355	25.0
83405	35.0
83616	35.0
83687	25.0
83704	35.0
83705	25.0
83706	18.0
83712	25.0
83713	25.0
83815	25.0
83843	18.0
84010	35.0
84037	25.0
84041	18.0
84057	35.0
84058	18.0
84062	25.0
84064	25.0
84067	35.0
84088	25.0
84093	50.0
84095	25.0
84101	18.0
84102	35.0
84103	35.0
84107	18.0
84108	30.0
84109	21.5
84109-2001	45.0
84111	25.0
84112-2004	18.0
84119	25.0
84121	56.0
84123	35.0
84318	45.0
84321	21.5
84770	37.5
84780	18.0
85003	25.0
85013	23.25
85016	37.5
85018	25.0
85024	30.0
85033	18.0
85035	18.0
85037	25.0
85040	25.0
85044	35.0
85054	18.0
85202	46.666666666666664
85203	25.0
85207	25.0
85210	21.5
85213	25.0
85214	25.0
85224	30.0
85226	23.25
85248	56.0
85251	45.0
85255	40.0
85257	30.0
85258	30.0
85259	31.5
85260	25.0
85275	35.0
85281	25.0
85282	23.666666666666668
85283	35.0
85284	35.0
85287	35.0
85287-2702	45.0
85296	18.0
85301	25.0
85310	35.0
85331	35.0
85364	25.0
85374	56.0
85621	35.0
85701	18.0
85705	21.5
85710	25.0
85712	36.666666666666664
85716	50.0
85718	56.0
85719	27.6
85721	45.0
85726	50.0
85730	35.0
85749	56.0
86001	34.0
86314	21.5
86701	45.0
87004	50.0
87020	50.0
87031	50.0
87103	25.0
87107	56.0
87110	25.0
87111	18.0
87114	25.0
87122	18.0
87123	13.0
87502	50.0
87505	46.666666666666664
87543	18.0
87571	25.0
87801	21.5
88001	50.0
88004	50.0
88005	42.5
88005-4313	45.0
88076	18.0
88119	18.0
89012	35.0
89015	26.5
89031	35.0
89052	50.0
89102	50.0
89103	25.0
89108	45.0
89109	45.0
89113	35.0
89114	25.0
89117	25.0
89118	21.5
89119	35.0
89123	25.0
89128	40.25
89129	18.0
89134	45.0
89145	25.0
89146	18.0
89147	35.0
89156	56.0
89170	18.0
89185	56.0
89193	25.0
89431	30.0
89432	50.0
89447	35.0
89502	25.0
89503	18.0
89507	35.0
89509	1.0
89511	25.0
89523	25.0
90004	20.333333333333332
90006	45.0
90012	23.666666666666668
90014-1718	35.0
90016	25.0
90019	25.0
90020	27.5
90024	26.785714285714285
90025	18.0
90026	35.0
90027	37.0
90028	29.333333333333332
90029	50.0
90031	37.5
90032	25.0
90034	25.5
90035	31.666666666666668
90035-4444	25.0
90036	26.0
90038	19.75
90039	25.0
90041	50.0
90045	18.0
90046	28.333333333333332
90048	25.5
90049	49.0
90064	26.5
90065	35.0
90066	29.8
90068	25.0
90069	29.714285714285715
90078	25.0
90210	28.307692307692307
90211	21.5
90212	25.0
90214	25.0
90230	25.0
90240	25.0
90241	37.0
90245	25.0
90248	25.0
90250	18.0
90254	42.5
90262	25.0
90266	36.666666666666664
90272	50.0
90274	26.0
90277	45.0
90278	30.0
90290	56.0
90291	30.25
90292	27.166666666666668
90293	25.0
90401	30.0
90402	56.0
90403	35.0
90404	45.0
90405	23.666666666666668
90503	56.0
90504	42.5
90505	37.5
90601	31.5
90605	18.0
90620	45.0
90630	37.0
90631	38.333333333333336
90638	25.0
90640	37.5
90680	45.5
90712	25.0
90717	25.0
90731	35.0
90732	56.0
90740	56.0
90802	17.0
90803	36.666666666666664
90804	30.0
90808	35.0
90813	45.0
91001	35.0
91006	26.5
91007	25.0
91011	56.0
91030	35.4
91101	21.5
91103	35.0
91104	31.666666666666668
91105	25.0
91106	28.333333333333332
91107	23.166666666666668
91125	25.0
91214	25.0
91221	25.0
91301	18.0
91302	35.0
91304	35.0
91306	45.0
91311	25.0
91320	18.0
91321	56.0
91324	35.0
91325	21.5
91326	1.0
91330	18.0
91335	45.0
91343	35.0
91344	30.0
91351	25.0
91355	45.0
91356	56.0
91360	31.0
91362	42.5
91364	35.0
91367	40.5
91402	25.0
91403	31.25
91405	31.5
91411	35.0
91423	23.25
91428	25.0
91436	35.0
91501	18.0
91504	35.0
91505	30.125
91601	18.0
91602	30.0
91604	21.5
91607	45.0
91608	25.0
91706	18.0
91711	40.0
91730	25.0
91740	25.0
91765	18.0
91766	45.0
91767	18.0
91768	35.0
91773	25.0
91776	25.0
91780	18.0
91789	50.0
91790	25.0
91790-1161	56.0
91791	56.0
91901	45.0
91902	25.0
91910	25.0
91911	33.333333333333336
91941	43.666666666666664
91977	50.0
92008	25.0
92009	42.0
92014	25.0
92018	45.0
92019	25.0
92020	56.0
92024	25.0
92025	35.0
92026	39.333333333333336
92027	56.0
92028	45.0
92037	24.833333333333332
92054	26.5
92055	18.0
92056	35.0
92064	25.0
92065	56.0
92069	56.0
92075	35.0
92078	25.0
92084	27.5
92100	45.0
92101	25.0
92103	34.125
92104	38.333333333333336
92105	25.0
92106	39.4
92107	25.0
92108	35.0
92109	21.5
92111	30.0
92115	38.666666666666664
92116	33.333333333333336
92117	36.25
92119	54.0
92120	35.25
92121	25.0
92122	28.428571428571427
92123	21.5
92126	35.0
92129	50.0
92130	23.25
92145	18.0
92153	18.0
92155	25.0
92173	18.0
92262	56.0
92278	18.0
92308	45.5
92315	56.0
92316	35.0
92335	25.0
92346	37.5
92352	35.0
92354	25.0
92404	25.0
92407	50.5
92503	45.0
92506	35.0
92507	27.5
92509	35.0
92557	13.0
92584	25.0
92595	18.0
92602	18.0
92612	21.5
92612-3417	50.0
92614	28.333333333333332
92618	35.0
92620	1.0
92625	35.0
92626	31.5
92627	30.0
92629	25.0
92630	39.2
92646	25.0
92647	18.0
92648	25.0
92649	35.0
92656	25.0
92660	56.0
92661	50.0
92672	35.0
92673	35.0
92675	56.0
92679	45.0
92683-1892	35.0
92688	28.333333333333332
92691	25.0
92704	26.5
92705	30.0
92711-0571	25.0
92728	25.0
92780	56.0
92801	35.0
92802	18.0
92804	1.0
92805	31.5
92807	45.0
92821	31.666666666666668
92831	35.0
92833	18.0
92843	25.0
92846	1.0
92866	35.0
92867	35.0
92870	21.5
92880	35.0
92882	25.0
92886	34.0
92965	45.0
93003	53.0
93004	18.0
93060	56.0
93103	50.0
93105	53.0
93107	21.5
93108	45.0
93111	25.5
93117	18.0
93304	45.0
93401	35.0
93420-2852	25.0
93428	25.0
93436	35.0
93448	50.5
93449	35.0
93455	18.0
93536	25.0
93555	45.0
93560	18.0
93611	35.0
93637	25.0
93704	25.0
93711	56.0
93906	35.0
93907	56.0
93924	56.0
93933	25.0
93940	23.25
93950	56.0
94002	35.0
94010	30.0
94014	25.75
94015	18.0
94022	28.333333333333332
94024	50.0
94025	37.285714285714285
94030	56.0
94040	25.0
94041	28.333333333333332
94043	33.25
94044	24.0
94061	32.666666666666664
94062	30.0
94063	22.666666666666668
94065	25.0
94070	34.0
94085	35.0
94086	22.2
94089	37.5
94102	36.25
94103	45.0
94104	21.5
94105	25.0
94107	31.428571428571427
94108	27.5
94109	34.0
94110	25.941176470588236
94111	20.333333333333332
94112	25.0
94114	36.8
94115	28.333333333333332
94116	18.0
94117	28.928571428571427
94118	24.333333333333332
94120	25.0
94121	27.0
94122	27.625
94123	33.333333333333336
94127	30.0
94131	26.666666666666668
94132	28.333333333333332
94133	26.857142857142858
94134	56.0
94214	35.0
94301	31.666666666666668
94303	34.0
94305	21.5
94306	37.625
94309	18.0
94401	25.0
94402	27.5
94403	23.25
94404	30.0
94410	18.0
94501	30.25
94506	31.666666666666668
94507	18.0
94514	50.0
94518	35.0
94519	35.0
94520	26.0
94521	50.0
94523	18.0
94525	1.0
94526	25.0
94530	37.57142857142857
94533	30.0
94536	35.0
94538	25.6
94539	1.0
94546	35.0
94549	35.0
94550	36.25
94558	42.0
94559	35.0
94560	40.0
94561	56.0
94563	56.0
94566	42.0
94574	35.0
94577	25.0
94578	18.0
94587	29.333333333333332
94591	40.5
94598	35.0
94602	31.0
94606	18.0
94607	21.5
94608	20.333333333333332
94609	25.0
94610	20.333333333333332
94611	39.333333333333336
94612	56.0
94613	25.0
94618	28.25
94702	39.333333333333336
94703	22.2
94704	18.0
94705	35.0
94706	27.333333333333332
94707	1.0
94708	37.0
94709	34.0
94720	21.5
94804	35.0
94806	40.0
94901	25.0
94903	25.0
94904	40.5
94930	35.0
94930-2010	25.0
94931	48.666666666666664
94939	25.0
94941	41.333333333333336
94945	26.5
94949	42.5
94952	56.0
94954	35.0
949702	56.0
95002	45.0
95003	35.0
95005	56.0
95008	30.857142857142858
95014	33.75
95019	18.0
95020	50.0
95030	35.0
95031	35.0
95032	50.0
95035	25.0
95037	18.0
95050	40.5
95051	41.25
95062	56.0
95070	50.0
95076	26.5
95117	56.0
95118	35.0
95120	18.0
95121	18.0
95122	25.0
95123	20.75
95124	35.0
95125	28.333333333333332
95126	25.0
95128	25.0
95129	43.666666666666664
95132	18.0
95136	29.0
95148	45.0
95158	25.0
95209	35.0
95236	50.0
95320	56.0
95326	18.0
95336	25.0
95350	50.0
95370	35.0
95376	50.0
95380	28.333333333333332
95401	42.5
954025	45.0
95404	25.5
95405	29.6
95407	56.0
95409	35.0
95420	56.0
95437	25.0
95448	56.0
95451	18.0
95451-9554	50.0
95472	41.666666666666664
95476	35.0
95492	35.0
95503	50.0
95521	35.0
95602	26.5
95610	35.0
95616	24.666666666666668
95617	25.0
95661	45.0
95667	35.0
95677	35.0
95687	25.0
95695	45.0
95746	35.0
95762	50.0
95765	35.0
95776	25.0
95814	31.5
95816	45.5
95819	25.0
95820	25.0
95821	25.0
95822	35.0
95823	50.0
95825	21.5
95826	31.666666666666668
95828	35.0
95831	25.0
95833	30.0
95843	26.5
95864	18.0
95903	30.0
95926	13.0
95929	56.0
95952	35.0
96002	18.0
96153	56.0
96158	35.0
96555	35.0
96661	18.0
96671	25.0
96707-1321	35.0
96714	50.0
96734	56.0
96744	37.0
96753	42.5
96778	45.0
96782	1.0
96797	35.0
96803	18.0
96811	25.0
96813	30.0
96815	21.5
96817	25.0
96818	25.0
96821	45.0
96822	50.0
96825	50.0
96826	25.0
96860	35.0
96930	25.0
96931	25.0
970025	25.0
97005	34.0
97006	35.0
97007	25.0
97030	34.0
97034	25.0
97062	1.0
97068	40.0
97070	18.0
97113	56.0
97116	37.5
97119	25.0
97123	18.0
97124	40.0
97132	35.0
97146	56.0
97201	17.0
97202	26.0
97203	25.0
97205	22.666666666666668
97206	25.0
97209	25.0
97210	50.0
97211	18.0
97212	30.0
97213	28.333333333333332
97214	37.5
97215	23.4
97219	25.0
97222	1.0
97225	30.0
97232	35.0
97233	25.0
97266	18.0
97267	25.0
97302	25.0
97303	21.5
97321	37.5
97330	35.0
97331	18.0
97333	27.166666666666668
97339	18.0
97361	31.5
97367	40.5
97370	25.0
97374	35.0
97378	25.0
97401	27.5
97402	9.5
97403	42.5
97405	28.25
97424	50.0
97469	18.0
97470	34.0
97478	56.0
97520	45.333333333333336
97701	45.0
97720	45.0
97801	1.0
97838	35.0
97850	18.0
98001	25.0
98006	25.0
98007	25.0
98011	45.0
98021	18.0
98026	35.0
98027	31.666666666666668
98028	45.0
98029	40.0
98031	40.0
98032	35.0
98033	27.0
98034	23.25
98036	35.0
98037	30.0
98040	25.0
98043-3621	1.0
98052	29.333333333333332
98055	35.0
98056	50.0
98058	18.0
98072	35.0
98074	28.333333333333332
98100	25.0
98101	25.0
98102	24.22222222222222
98103	31.071428571428573
98105	22.75
98106	35.0
98107-2117	45.0
98108	35.0
98109	25.0
98110	13.0
98112	37.5
98115	30.6
98116	25.0
98117	24.0
98118	18.0
98119	36.25
98121	18.0
98122	24.0
98125	29.333333333333332
98126	26.5
98133	25.75
98136	35.0
98144	30.0
98153	25.0
98155	45.0
98166	35.0
98177	50.0
98178	25.0
98188	21.5
98199	56.0
98201	43.333333333333336
98208	25.0
98225	22.0
98226	50.0
98227	25.0
98237	50.0
98257	50.0
98262	50.0
98312	18.0
98368	35.0
98374	56.0
98380	25.0
98383	45.0
98438	25.0
98443	35.0
98465	35.0
98467	35.0
98498	25.0
98499	34.0
98501	25.0
98502	27.666666666666668
98503	30.0
98516	50.0
98541	50.0
98606	18.0
98607	35.0
98622	35.0
98626	25.0
98632	25.0
98642	50.0
98661	25.0
98664	35.0
98674	35.0
98683	50.0
98684	25.0
98765	18.0
98801	56.0
98826	50.0
98908	25.0
98926	25.0
99003	25.0
99005	45.0
99016	6.666666666666667
99114	50.0
99163	22.666666666666668
99203	1.0
99205	18.0
99217	25.0
99224	25.0
99352	35.0
99353	21.5
99504	35.0
99508	35.0
99516	35.0
99701	50.5
99703	18.0
99709	25.0
99801	35.0
99826	45.0
99945	18.0
{cs6360:~/BDJar} 
[END] 2/23/2014 5:35:40 PM
